* installing *source* package 'ritwals' ...
** R
** data
*** moving datasets to lazyload DB
** preparing package for lazy loading
** help
*** installing help indices
** building package indices
** testing if installed package can be loaded
* DONE (ritwals)
* installing *source* package 'dyntyp' ...
** R
** data
*** moving datasets to lazyload DB
** preparing package for lazy loading
** help
*** installing help indices
** building package indices
** testing if installed package can be loaded
* DONE (dyntyp)
Loading required package: ritwals
Loading required package: dyntyp
