
R version 3.2.4 (2016-03-10) -- "Very Secure Dishes"
Copyright (C) 2016 The R Foundation for Statistical Computing
Platform: x86_64-pc-linux-gnu (64-bit)

R is free software and comes with ABSOLUTELY NO WARRANTY.
You are welcome to redistribute it under certain conditions.
Type 'license()' or 'licence()' for distribution details.

R is a collaborative project with many contributors.
Type 'contributors()' for more information and
'citation()' on how to cite R or R packages in publications.

Type 'demo()' for some demos, 'help()' for on-line help, or
'help.start()' for an HTML browser interface to help.
Type 'q()' to quit R.

> system("tar xzf R.tar.gz")
> setwd("R")
> source("libraries.R")
> install_required("libs")
> source("analyse.R")
> source("sigmaunits.R")
> 
> args <- commandArgs(TRUE)
> 
> res <- sigmaunits(unit="genus", k=10)
> 
> res$rep <- paste("r", args[1], args[2], sep=".")
> 
> write.csv(res, row.names=FALSE, 
+           file=paste0("../res.sigma_bias_genus.", args[1], ".", args[2], ".csv"))
> 
> 
