000 (148946.000.000) 05/21 12:13:59 Job submitted from host: <10.99.203.110:15739?addrs=10.99.203.110-15739>
...
001 (148946.000.000) 05/21 14:28:38 Job executing on host: <10.99.200.39:9623>
...
006 (148946.000.000) 05/21 14:28:46 Image size of job updated: 10
	3  -  MemoryUsage of job (MB)
	2240  -  ResidentSetSize of job (KB)
...
006 (148946.000.000) 05/21 14:33:46 Image size of job updated: 157480
	98  -  MemoryUsage of job (MB)
	99396  -  ResidentSetSize of job (KB)
...
006 (148946.000.000) 05/21 14:43:47 Image size of job updated: 157480
	98  -  MemoryUsage of job (MB)
	99400  -  ResidentSetSize of job (KB)
...
006 (148946.000.000) 05/21 15:28:52 Image size of job updated: 157480
	98  -  MemoryUsage of job (MB)
	99420  -  ResidentSetSize of job (KB)
...
006 (148946.000.000) 05/21 16:23:58 Image size of job updated: 157480
	98  -  MemoryUsage of job (MB)
	99464  -  ResidentSetSize of job (KB)
...
005 (148946.000.000) 05/21 19:06:26 Job terminated.
	(1) Normal termination (return value 0)
		Usr 0 02:18:39, Sys 0 00:00:03  -  Run Remote Usage
		Usr 0 00:00:00, Sys 0 00:00:00  -  Run Local Usage
		Usr 0 02:18:39, Sys 0 00:00:03  -  Total Remote Usage
		Usr 0 00:00:00, Sys 0 00:00:00  -  Total Local Usage
	17979  -  Run Bytes Sent By Job
	2782344  -  Run Bytes Received By Job
	17979  -  Total Bytes Sent By Job
	2782344  -  Total Bytes Received By Job
	Partitionable Resources :    Usage  Request Allocated
	   Cpus                 :                 1         1
	   Disk (KB)            :     8410  1000000   3776218
	   Memory (MB)          :       98     2000      2000
...
