* installing *source* package 'ritwals' ...
** R
** data
*** moving datasets to lazyload DB
** preparing package for lazy loading
** help
*** installing help indices
** building package indices
** testing if installed package can be loaded
* DONE (ritwals)
* installing *source* package 'dyntyp' ...
** R
** data
*** moving datasets to lazyload DB
** preparing package for lazy loading
** help
*** installing help indices
** building package indices
** testing if installed package can be loaded
* DONE (dyntyp)
Loading required package: ritwals
Loading required package: dyntyp
Warning messages:
1: In invert_H(Htau) : Htau greater than 1 (theoretically impossible)
2: In invert_H(Htau) : Htau greater than 1 (theoretically impossible)
3: In invert_H(Htau) : Htau greater than 1 (theoretically impossible)
4: In invert_H(Htau) : Htau greater than 1 (theoretically impossible)
