000 (145663.000.000) 04/06 07:20:06 Job submitted from host: <10.99.203.110:15739?addrs=10.99.203.110-15739>
...
001 (145663.000.000) 04/06 13:06:26 Job executing on host: <10.99.203.247:9648>
...
006 (145663.000.000) 04/06 13:06:35 Image size of job updated: 280560
	92  -  MemoryUsage of job (MB)
	93916  -  ResidentSetSize of job (KB)
...
006 (145663.000.000) 04/06 13:11:35 Image size of job updated: 280560
	105  -  MemoryUsage of job (MB)
	106916  -  ResidentSetSize of job (KB)
...
006 (145663.000.000) 04/06 13:21:36 Image size of job updated: 280560
	105  -  MemoryUsage of job (MB)
	107056  -  ResidentSetSize of job (KB)
...
006 (145663.000.000) 04/06 13:26:36 Image size of job updated: 280560
	105  -  MemoryUsage of job (MB)
	107060  -  ResidentSetSize of job (KB)
...
006 (145663.000.000) 04/06 13:46:39 Image size of job updated: 280560
	105  -  MemoryUsage of job (MB)
	107260  -  ResidentSetSize of job (KB)
...
006 (145663.000.000) 04/06 13:56:40 Image size of job updated: 280560
	106  -  MemoryUsage of job (MB)
	108488  -  ResidentSetSize of job (KB)
...
006 (145663.000.000) 04/06 14:51:46 Image size of job updated: 280560
	107  -  MemoryUsage of job (MB)
	109052  -  ResidentSetSize of job (KB)
...
006 (145663.000.000) 04/06 15:06:48 Image size of job updated: 280560
	107  -  MemoryUsage of job (MB)
	109512  -  ResidentSetSize of job (KB)
...
005 (145663.000.000) 04/06 17:08:07 Job terminated.
	(1) Normal termination (return value 0)
		Usr 0 04:00:54, Sys 0 00:00:01  -  Run Remote Usage
		Usr 0 00:00:00, Sys 0 00:00:00  -  Run Local Usage
		Usr 0 04:00:54, Sys 0 00:00:01  -  Total Remote Usage
		Usr 0 00:00:00, Sys 0 00:00:00  -  Total Local Usage
	1531627  -  Run Bytes Sent By Job
	2402958  -  Run Bytes Received By Job
	1531627  -  Total Bytes Sent By Job
	2402958  -  Total Bytes Received By Job
	Partitionable Resources :    Usage  Request Allocated
	   Cpus                 :                 1         1
	   Disk (KB)            :     9123  1000000   4755881
	   Memory (MB)          :      107     2000      2000
...
