000 (148945.000.000) 05/21 12:13:59 Job submitted from host: <10.99.203.110:15739?addrs=10.99.203.110-15739>
...
001 (148945.000.000) 05/21 14:27:32 Job executing on host: <10.99.203.247:9677>
...
006 (148945.000.000) 05/21 14:27:40 Image size of job updated: 10
	3  -  MemoryUsage of job (MB)
	2232  -  ResidentSetSize of job (KB)
...
006 (148945.000.000) 05/21 14:32:40 Image size of job updated: 163432
	98  -  MemoryUsage of job (MB)
	99360  -  ResidentSetSize of job (KB)
...
006 (148945.000.000) 05/21 14:37:41 Image size of job updated: 163432
	98  -  MemoryUsage of job (MB)
	99448  -  ResidentSetSize of job (KB)
...
006 (148945.000.000) 05/21 17:17:57 Image size of job updated: 163432
	98  -  MemoryUsage of job (MB)
	99456  -  ResidentSetSize of job (KB)
...
006 (148945.000.000) 05/21 17:32:58 Image size of job updated: 163432
	98  -  MemoryUsage of job (MB)
	99468  -  ResidentSetSize of job (KB)
...
006 (148945.000.000) 05/21 17:58:02 Image size of job updated: 163432
	98  -  MemoryUsage of job (MB)
	99476  -  ResidentSetSize of job (KB)
...
005 (148945.000.000) 05/21 18:03:42 Job terminated.
	(1) Normal termination (return value 0)
		Usr 0 03:35:47, Sys 0 00:00:00  -  Run Remote Usage
		Usr 0 00:00:00, Sys 0 00:00:00  -  Run Local Usage
		Usr 0 03:35:47, Sys 0 00:00:00  -  Total Remote Usage
		Usr 0 00:00:00, Sys 0 00:00:00  -  Total Local Usage
	9422  -  Run Bytes Sent By Job
	2782346  -  Run Bytes Received By Job
	9422  -  Total Bytes Sent By Job
	2782346  -  Total Bytes Received By Job
	Partitionable Resources :    Usage  Request Allocated
	   Cpus                 :                 1         1
	   Disk (KB)            :     8402  1000000   4755323
	   Memory (MB)          :       98     2000      2000
...
